SF:lib/aux_functions/search_blood_pressure_percentile.dart
DA:32,1
DA:55,1
DA:56,0
DA:57,0
DA:58,0
DA:59,0
DA:60,0
DA:61,0
DA:62,0
DA:63,0
DA:65,0
DA:68,0
DA:71,1
DA:72,2
DA:73,2
DA:74,2
DA:76,2
DA:77,2
DA:78,2
DA:82,1
DA:87,2
DA:89,2
DA:92,2
DA:94,5
DA:95,1
DA:102,3
DA:103,2
DA:104,1
DA:107,3
DA:108,0
DA:110,0
DA:111,6
DA:112,2
DA:113,1
DA:114,3
DA:119,6
DA:120,2
DA:121,1
DA:122,3
DA:127,6
DA:128,2
DA:129,1
DA:130,3
DA:135,3
DA:136,0
DA:137,0
DA:139,3
DA:140,2
DA:141,1
DA:147,3
DA:148,2
DA:149,1
DA:152,3
DA:153,0
DA:155,0
DA:156,6
DA:157,2
DA:158,1
DA:159,3
DA:164,6
DA:165,2
DA:166,1
DA:167,3
DA:172,6
DA:173,2
DA:174,1
DA:175,3
DA:180,3
DA:181,0
DA:182,0
DA:184,3
DA:185,2
DA:186,1
DA:199,2
DA:200,1
DA:201,2
DA:202,1
DA:203,2
DA:204,1
DA:206,1
DA:209,3
DA:211,4
DA:212,3
DA:213,3
DA:217,3
DA:218,1
DA:219,2
DA:220,0
DA:221,2
DA:222,1
DA:223,2
DA:224,1
DA:225,3
DA:226,1
DA:228,1
DA:232,3
DA:233,2
DA:234,2
DA:235,0
DA:236,2
DA:237,2
DA:238,2
DA:239,2
DA:240,3
DA:241,2
DA:243,2
DA:246,1
LF:107
LH:87
end_of_record
SF:lib/model/precarina_model.dart
DA:24,0
DA:25,0
DA:26,0
DA:27,0
DA:28,0
DA:29,0
DA:30,0
DA:31,0
DA:32,0
DA:33,0
DA:34,0
DA:35,0
DA:36,0
DA:37,0
DA:38,0
DA:39,0
DA:40,0
DA:43,0
DA:46,0
DA:49,0
DA:51,0
DA:52,0
DA:53,0
DA:54,0
DA:55,0
DA:56,0
DA:57,0
DA:62,0
DA:63,0
DA:64,0
DA:65,0
DA:66,0
DA:67,0
DA:68,0
DA:69,0
DA:70,0
DA:71,0
DA:72,0
LF:38
LH:0
end_of_record
